# JRE version: Java(TM) SE Runtime Environment (17.0.6+9) (build 17.0.6+9-LTS-190)
# Java VM: Java HotSpot(TM) 64-Bit Server VM (17.0.6+9-LTS-190, mixed mode, sharing, tiered, compressed oops, compressed class ptrs, g1 gc, windows-amd64)
GC Precious Log:
 CPUs: 8 total, 8 available
 Memory: 8070M
 Large Page Support: Disabled
 NUMA Support: Disabled
 Compressed Oops: Enabled (32-bit)
 Heap Region Size: 1M
 Heap Min Capacity: 8M
 Heap Initial Capacity: 128M
 Heap Max Capacity: 2018M
 Pre-touch: Disabled
 Parallel Workers: 8
 Concurrent Workers: 2
 Concurrent Refinement Workers: 8
 Periodic GC: Disabled
Heap:
 garbage-first heap   total 343040K, used 159857K [0x0000000081e00000, 0x0000000100000000)
  region size 1024K, 1 young (1024K), 1 survivors (1024K)
 Metaspace       used 6680K, committed 6976K, reserved 1056768K
  class space    used 750K, committed 896K, reserved 1048576K
GC Heap History (20 events):
Event: 10.814 GC heap after
{Heap after GC invocations=7 (full 0):
 garbage-first heap   total 135168K, used 78835K [0x0000000081e00000, 0x0000000100000000)
  region size 1024K, 1 young (1024K), 1 survivors (1024K)
 Metaspace       used 6654K, committed 6848K, reserved 1056768K
  class space    used 741K, committed 832K, reserved 1048576K
}
Event: 11.800 GC heap before
{Heap before GC invocations=8 (full 0):
 garbage-first heap   total 232448K, used 138227K [0x0000000081e00000, 0x0000000100000000)
  region size 1024K, 2 young (2048K), 1 survivors (1024K)
 Metaspace       used 6654K, committed 6848K, reserved 1056768K
  class space    used 741K, committed 832K, reserved 1048576K
}
Event: 11.801 GC heap after
{Heap after GC invocations=9 (full 0):
 garbage-first heap   total 232448K, used 138215K [0x0000000081e00000, 0x0000000100000000)
  region size 1024K, 1 young (1024K), 1 survivors (1024K)
 Metaspace       used 6654K, committed 6848K, reserved 1056768K
  class space    used 741K, committed 832K, reserved 1048576K
}
Event: 11.879 GC heap before
{Heap before GC invocations=10 (full 0):
 garbage-first heap   total 237568K, used 140263K [0x0000000081e00000, 0x0000000100000000)
  region size 1024K, 2 young (2048K), 1 survivors (1024K)
 Metaspace       used 6679K, committed 6976K, reserved 1056768K
  class space    used 750K, committed 896K, reserved 1048576K
}
Event: 11.882 GC heap after
{Heap after GC invocations=11 (full 0):
 garbage-first heap   total 285696K, used 140254K [0x0000000081e00000, 0x0000000100000000)
  region size 1024K, 1 young (1024K), 1 survivors (1024K)
 Metaspace       used 6679K, committed 6976K, reserved 1056768K
  class space    used 750K, committed 896K, reserved 1048576K
}
Event: 11.897 GC heap before
{Heap before GC invocations=12 (full 0):
 garbage-first heap   total 285696K, used 142302K [0x0000000081e00000, 0x0000000100000000)
  region size 1024K, 2 young (2048K), 1 survivors (1024K)
 Metaspace       used 6679K, committed 6976K, reserved 1056768K
  class space    used 750K, committed 896K, reserved 1048576K
}
Event: 11.898 GC heap after
{Heap after GC invocations=13 (full 0):
 garbage-first heap   total 285696K, used 142316K [0x0000000081e00000, 0x0000000100000000)
  region size 1024K, 1 young (1024K), 1 survivors (1024K)
 Metaspace       used 6679K, committed 6976K, reserved 1056768K
  class space    used 750K, committed 896K, reserved 1048576K
}
Event: 11.931 GC heap before
{Heap before GC invocations=14 (full 0):
 garbage-first heap   total 285696K, used 144364K [0x0000000081e00000, 0x0000000100000000)
  region size 1024K, 2 young (2048K), 1 survivors (1024K)
 Metaspace       used 6680K, committed 6976K, reserved 1056768K
  class space    used 750K, committed 896K, reserved 1048576K
}
Event: 11.932 GC heap after
{Heap after GC invocations=15 (full 0):
 garbage-first heap   total 285696K, used 144507K [0x0000000081e00000, 0x0000000100000000)
  region size 1024K, 1 young (1024K), 1 survivors (1024K)
 Metaspace       used 6680K, committed 6976K, reserved 1056768K
  class space    used 750K, committed 896K, reserved 1048576K
}
Event: 11.946 GC heap before
{Heap before GC invocations=16 (full 0):
 garbage-first heap   total 285696K, used 146555K [0x0000000081e00000, 0x0000000100000000)
  region size 1024K, 2 young (2048K), 1 survivors (1024K)
 Metaspace       used 6680K, committed 6976K, reserved 1056768K
  class space    used 750K, committed 896K, reserved 1048576K
}
Event: 11.948 GC heap after
{Heap after GC invocations=17 (full 0):
 garbage-first heap   total 285696K, used 146558K [0x0000000081e00000, 0x0000000100000000)
  region size 1024K, 1 young (1024K), 1 survivors (1024K)
 Metaspace       used 6680K, committed 6976K, reserved 1056768K
  class space    used 750K, committed 896K, reserved 1048576K
}
Event: 11.960 GC heap before
{Heap before GC invocations=18 (full 0):
 garbage-first heap   total 285696K, used 148606K [0x0000000081e00000, 0x0000000100000000)
  region size 1024K, 2 young (2048K), 1 survivors (1024K)
 Metaspace       used 6680K, committed 6976K, reserved 1056768K
  class space    used 750K, committed 896K, reserved 1048576K
}
Event: 11.962 GC heap after
{Heap after GC invocations=19 (full 0):
 garbage-first heap   total 343040K, used 148578K [0x0000000081e00000, 0x0000000100000000)
  region size 1024K, 1 young (1024K), 1 survivors (1024K)
 Metaspace       used 6680K, committed 6976K, reserved 1056768K
  class space    used 750K, committed 896K, reserved 1048576K
}
Event: 11.996 GC heap before
{Heap before GC invocations=19 (full 0):
 garbage-first heap   total 343040K, used 153698K [0x0000000081e00000, 0x0000000100000000)
  region size 1024K, 2 young (2048K), 1 survivors (1024K)
 Metaspace       used 6680K, committed 6976K, reserved 1056768K
  class space    used 750K, committed 896K, reserved 1048576K
}
Event: 11.998 GC heap after
{Heap after GC invocations=20 (full 0):
 garbage-first heap   total 343040K, used 153732K [0x0000000081e00000, 0x0000000100000000)
  region size 1024K, 1 young (1024K), 1 survivors (1024K)
 Metaspace       used 6680K, committed 6976K, reserved 1056768K
  class space    used 750K, committed 896K, reserved 1048576K
}
Event: 12.007 GC heap before
{Heap before GC invocations=20 (full 0):
 garbage-first heap   total 343040K, used 155780K [0x0000000081e00000, 0x0000000100000000)
  region size 1024K, 2 young (2048K), 1 survivors (1024K)
 Metaspace       used 6680K, committed 6976K, reserved 1056768K
  class space    used 750K, committed 896K, reserved 1048576K
}
Event: 12.008 GC heap after
{Heap after GC invocations=21 (full 0):
 garbage-first heap   total 343040K, used 155765K [0x0000000081e00000, 0x0000000100000000)
  region size 1024K, 1 young (1024K), 1 survivors (1024K)
 Metaspace       used 6680K, committed 6976K, reserved 1056768K
  class space    used 750K, committed 896K, reserved 1048576K
}
Event: 12.022 GC heap before
{Heap before GC invocations=22 (full 0):
 garbage-first heap   total 343040K, used 157813K [0x0000000081e00000, 0x0000000100000000)
  region size 1024K, 2 young (2048K), 1 survivors (1024K)
 Metaspace       used 6680K, committed 6976K, reserved 1056768K
  class space    used 750K, committed 896K, reserved 1048576K
}
Event: 12.023 GC heap after
{Heap after GC invocations=23 (full 0):
 garbage-first heap   total 343040K, used 157822K [0x0000000081e00000, 0x0000000100000000)
  region size 1024K, 1 young (1024K), 1 survivors (1024K)
 Metaspace       used 6680K, committed 6976K, reserved 1056768K
  class space    used 750K, committed 896K, reserved 1048576K
}
Event: 12.034 GC heap before
{Heap before GC invocations=24 (full 0):
 garbage-first heap   total 343040K, used 159870K [0x0000000081e00000, 0x0000000100000000)
  region size 1024K, 2 young (2048K), 1 survivors (1024K)
 Metaspace       used 6680K, committed 6976K, reserved 1056768K
  class space    used 750K, committed 896K, reserved 1048576K
}

