# JRE version: Java(TM) SE Runtime Environment (17.0.6+9) (build 17.0.6+9-LTS-190)
# Java VM: Java HotSpot(TM) 64-Bit Server VM (17.0.6+9-LTS-190, mixed mode, sharing, tiered, compressed oops, compressed class ptrs, g1 gc, windows-amd64)
GC Precious Log:
 CPUs: 8 total, 8 available
 Memory: 8070M
 Large Page Support: Disabled
 NUMA Support: Disabled
 Compressed Oops: Enabled (32-bit)
 Heap Region Size: 1M
 Heap Min Capacity: 8M
 Heap Initial Capacity: 128M
 Heap Max Capacity: 2018M
 Pre-touch: Disabled
 Parallel Workers: 8
 Concurrent Workers: 2
 Concurrent Refinement Workers: 8
 Periodic GC: Disabled
Heap:
 garbage-first heap   total 324608K, used 195864K [0x0000000081e00000, 0x0000000100000000)
  region size 1024K, 4 young (4096K), 4 survivors (4096K)
 Metaspace       used 6688K, committed 6912K, reserved 1056768K
  class space    used 745K, committed 832K, reserved 1048576K
GC Heap History (15 events):
Event: 6.828 GC heap before
{Heap before GC invocations=0 (full 0):
 garbage-first heap   total 131072K, used 22528K [0x0000000081e00000, 0x0000000100000000)
  region size 1024K, 23 young (23552K), 0 survivors (0K)
 Metaspace       used 5084K, committed 5312K, reserved 1056768K
  class space    used 526K, committed 640K, reserved 1048576K
}
Event: 6.840 GC heap after
{Heap after GC invocations=1 (full 0):
 garbage-first heap   total 131072K, used 3125K [0x0000000081e00000, 0x0000000100000000)
  region size 1024K, 3 young (3072K), 3 survivors (3072K)
 Metaspace       used 5084K, committed 5312K, reserved 1056768K
  class space    used 526K, committed 640K, reserved 1048576K
}
Event: 7.723 GC heap before
{Heap before GC invocations=1 (full 0):
 garbage-first heap   total 131072K, used 12341K [0x0000000081e00000, 0x0000000100000000)
  region size 1024K, 8 young (8192K), 3 survivors (3072K)
 Metaspace       used 6569K, committed 6784K, reserved 1056768K
  class space    used 734K, committed 832K, reserved 1048576K
}
Event: 7.727 GC heap after
{Heap after GC invocations=2 (full 0):
 garbage-first heap   total 131072K, used 9168K [0x0000000081e00000, 0x0000000100000000)
  region size 1024K, 1 young (1024K), 1 survivors (1024K)
 Metaspace       used 6569K, committed 6784K, reserved 1056768K
  class space    used 734K, committed 832K, reserved 1048576K
}
Event: 8.113 GC heap before
{Heap before GC invocations=2 (full 0):
 garbage-first heap   total 131072K, used 74704K [0x0000000081e00000, 0x0000000100000000)
  region size 1024K, 2 young (2048K), 1 survivors (1024K)
 Metaspace       used 6594K, committed 6784K, reserved 1056768K
  class space    used 736K, committed 832K, reserved 1048576K
}
Event: 8.115 GC heap after
{Heap after GC invocations=3 (full 0):
 garbage-first heap   total 131072K, used 74532K [0x0000000081e00000, 0x0000000100000000)
  region size 1024K, 1 young (1024K), 1 survivors (1024K)
 Metaspace       used 6594K, committed 6784K, reserved 1056768K
  class space    used 736K, committed 832K, reserved 1048576K
}
Event: 8.865 GC heap before
{Heap before GC invocations=4 (full 0):
 garbage-first heap   total 190464K, used 185124K [0x0000000081e00000, 0x0000000100000000)
  region size 1024K, 3 young (3072K), 1 survivors (1024K)
 Metaspace       used 6636K, committed 6784K, reserved 1056768K
  class space    used 744K, committed 832K, reserved 1048576K
}
Event: 8.867 GC heap after
{Heap after GC invocations=5 (full 0):
 garbage-first heap   total 190464K, used 184203K [0x0000000081e00000, 0x0000000100000000)
  region size 1024K, 1 young (1024K), 1 survivors (1024K)
 Metaspace       used 6636K, committed 6784K, reserved 1056768K
  class space    used 744K, committed 832K, reserved 1048576K
}
Event: 8.877 GC heap before
{Heap before GC invocations=5 (full 0):
 garbage-first heap   total 190464K, used 186251K [0x0000000081e00000, 0x0000000100000000)
  region size 1024K, 2 young (2048K), 1 survivors (1024K)
 Metaspace       used 6637K, committed 6784K, reserved 1056768K
  class space    used 744K, committed 832K, reserved 1048576K
}
Event: 8.882 GC heap after
{Heap after GC invocations=6 (full 0):
 garbage-first heap   total 190464K, used 186004K [0x0000000081e00000, 0x0000000100000000)
  region size 1024K, 1 young (1024K), 1 survivors (1024K)
 Metaspace       used 6637K, committed 6784K, reserved 1056768K
  class space    used 744K, committed 832K, reserved 1048576K
}
Event: 8.896 GC heap before
{Heap before GC invocations=6 (full 0):
 garbage-first heap   total 192512K, used 188052K [0x0000000081e00000, 0x0000000100000000)
  region size 1024K, 2 young (2048K), 1 survivors (1024K)
 Metaspace       used 6640K, committed 6784K, reserved 1056768K
  class space    used 744K, committed 832K, reserved 1048576K
}
Event: 8.897 GC heap after
{Heap after GC invocations=7 (full 0):
 garbage-first heap   total 192512K, used 188118K [0x0000000081e00000, 0x0000000100000000)
  region size 1024K, 1 young (1024K), 1 survivors (1024K)
 Metaspace       used 6640K, committed 6784K, reserved 1056768K
  class space    used 744K, committed 832K, reserved 1048576K
}
Event: 9.046 GC heap before
{Heap before GC invocations=8 (full 0):
 garbage-first heap   total 319488K, used 192214K [0x0000000081e00000, 0x0000000100000000)
  region size 1024K, 6 young (6144K), 1 survivors (1024K)
 Metaspace       used 6675K, committed 6912K, reserved 1056768K
  class space    used 745K, committed 832K, reserved 1048576K
}
Event: 9.048 GC heap after
{Heap after GC invocations=9 (full 0):
 garbage-first heap   total 319488K, used 191948K [0x0000000081e00000, 0x0000000100000000)
  region size 1024K, 2 young (2048K), 2 survivors (2048K)
 Metaspace       used 6675K, committed 6912K, reserved 1056768K
  class space    used 745K, committed 832K, reserved 1048576K
}
Event: 9.096 GC heap before
{Heap before GC invocations=10 (full 0):
 garbage-first heap   total 324608K, used 195020K [0x0000000081e00000, 0x0000000100000000)
  region size 1024K, 5 young (5120K), 2 survivors (2048K)
 Metaspace       used 6688K, committed 6912K, reserved 1056768K
  class space    used 745K, committed 832K, reserved 1048576K
}

