# JRE version: Java(TM) SE Runtime Environment (17.0.6+9) (build 17.0.6+9-LTS-190)
# Java VM: Java HotSpot(TM) 64-Bit Server VM (17.0.6+9-LTS-190, mixed mode, sharing, tiered, compressed oops, compressed class ptrs, g1 gc, windows-amd64)
GC Precious Log:
 CPUs: 8 total, 8 available
 Memory: 8070M
 Large Page Support: Disabled
 NUMA Support: Disabled
 Compressed Oops: Enabled (32-bit)
 Heap Region Size: 1M
 Heap Min Capacity: 8M
 Heap Initial Capacity: 128M
 Heap Max Capacity: 2018M
 Pre-touch: Disabled
 Parallel Workers: 8
 Concurrent Workers: 2
 Concurrent Refinement Workers: 8
 Periodic GC: Disabled
Heap:
 garbage-first heap   total 202752K, used 115099K [0x0000000081e00000, 0x0000000100000000)
  region size 1024K, 3 young (3072K), 3 survivors (3072K)
 Metaspace       used 15387K, committed 15680K, reserved 1064960K
  class space    used 2343K, committed 2496K, reserved 1048576K
GC Heap History (20 events):
Event: 2.103 GC heap after
{Heap after GC invocations=5 (full 0):
 garbage-first heap   total 135168K, used 80092K [0x0000000081e00000, 0x0000000100000000)
  region size 1024K, 2 young (2048K), 2 survivors (2048K)
 Metaspace       used 13819K, committed 14016K, reserved 1064960K
  class space    used 1961K, committed 2048K, reserved 1048576K
}
Event: 2.172 GC heap before
{Heap before GC invocations=6 (full 0):
 garbage-first heap   total 140288K, used 83164K [0x0000000081e00000, 0x0000000100000000)
  region size 1024K, 4 young (4096K), 2 survivors (2048K)
 Metaspace       used 14145K, committed 14336K, reserved 1064960K
  class space    used 2052K, committed 2112K, reserved 1048576K
}
Event: 2.175 GC heap after
{Heap after GC invocations=7 (full 0):
 garbage-first heap   total 168960K, used 82003K [0x0000000081e00000, 0x0000000100000000)
  region size 1024K, 2 young (2048K), 2 survivors (2048K)
 Metaspace       used 14145K, committed 14336K, reserved 1064960K
  class space    used 2052K, committed 2112K, reserved 1048576K
}
Event: 2.224 GC heap before
{Heap before GC invocations=8 (full 0):
 garbage-first heap   total 168960K, used 88147K [0x0000000081e00000, 0x0000000100000000)
  region size 1024K, 5 young (5120K), 2 survivors (2048K)
 Metaspace       used 14742K, committed 14976K, reserved 1064960K
  class space    used 2261K, committed 2368K, reserved 1048576K
}
Event: 2.227 GC heap after
{Heap after GC invocations=9 (full 0):
 garbage-first heap   total 168960K, used 86263K [0x0000000081e00000, 0x0000000100000000)
  region size 1024K, 2 young (2048K), 2 survivors (2048K)
 Metaspace       used 14742K, committed 14976K, reserved 1064960K
  class space    used 2261K, committed 2368K, reserved 1048576K
}
Event: 2.261 GC heap before
{Heap before GC invocations=10 (full 0):
 garbage-first heap   total 168960K, used 89335K [0x0000000081e00000, 0x0000000100000000)
  region size 1024K, 4 young (4096K), 2 survivors (2048K)
 Metaspace       used 15026K, committed 15296K, reserved 1064960K
  class space    used 2298K, committed 2432K, reserved 1048576K
}
Event: 2.264 GC heap after
{Heap after GC invocations=11 (full 0):
 garbage-first heap   total 168960K, used 88465K [0x0000000081e00000, 0x0000000100000000)
  region size 1024K, 2 young (2048K), 2 survivors (2048K)
 Metaspace       used 15026K, committed 15296K, reserved 1064960K
  class space    used 2298K, committed 2432K, reserved 1048576K
}
Event: 2.289 GC heap before
{Heap before GC invocations=12 (full 0):
 garbage-first heap   total 168960K, used 92561K [0x0000000081e00000, 0x0000000100000000)
  region size 1024K, 3 young (3072K), 2 survivors (2048K)
 Metaspace       used 15100K, committed 15296K, reserved 1064960K
  class space    used 2312K, committed 2432K, reserved 1048576K
}
Event: 2.291 GC heap after
{Heap after GC invocations=13 (full 0):
 garbage-first heap   total 168960K, used 92652K [0x0000000081e00000, 0x0000000100000000)
  region size 1024K, 2 young (2048K), 2 survivors (2048K)
 Metaspace       used 15100K, committed 15296K, reserved 1064960K
  class space    used 2312K, committed 2432K, reserved 1048576K
}
Event: 2.320 GC heap before
{Heap before GC invocations=14 (full 0):
 garbage-first heap   total 168960K, used 95724K [0x0000000081e00000, 0x0000000100000000)
  region size 1024K, 3 young (3072K), 2 survivors (2048K)
 Metaspace       used 15148K, committed 15360K, reserved 1064960K
  class space    used 2312K, committed 2432K, reserved 1048576K
}
Event: 2.324 GC heap after
{Heap after GC invocations=15 (full 0):
 garbage-first heap   total 202752K, used 95887K [0x0000000081e00000, 0x0000000100000000)
  region size 1024K, 2 young (2048K), 2 survivors (2048K)
 Metaspace       used 15148K, committed 15360K, reserved 1064960K
  class space    used 2312K, committed 2432K, reserved 1048576K
}
Event: 2.346 GC heap before
{Heap before GC invocations=16 (full 0):
 garbage-first heap   total 202752K, used 101007K [0x0000000081e00000, 0x0000000100000000)
  region size 1024K, 4 young (4096K), 2 survivors (2048K)
 Metaspace       used 15252K, committed 15488K, reserved 1064960K
  class space    used 2335K, committed 2496K, reserved 1048576K
}
Event: 2.349 GC heap after
{Heap after GC invocations=17 (full 0):
 garbage-first heap   total 202752K, used 100088K [0x0000000081e00000, 0x0000000100000000)
  region size 1024K, 3 young (3072K), 3 survivors (3072K)
 Metaspace       used 15252K, committed 15488K, reserved 1064960K
  class space    used 2335K, committed 2496K, reserved 1048576K
}
Event: 2.370 GC heap before
{Heap before GC invocations=18 (full 0):
 garbage-first heap   total 202752K, used 104184K [0x0000000081e00000, 0x0000000100000000)
  region size 1024K, 4 young (4096K), 3 survivors (3072K)
 Metaspace       used 15266K, committed 15552K, reserved 1064960K
  class space    used 2335K, committed 2496K, reserved 1048576K
}
Event: 2.372 GC heap after
{Heap after GC invocations=19 (full 0):
 garbage-first heap   total 202752K, used 104301K [0x0000000081e00000, 0x0000000100000000)
  region size 1024K, 3 young (3072K), 3 survivors (3072K)
 Metaspace       used 15266K, committed 15552K, reserved 1064960K
  class space    used 2335K, committed 2496K, reserved 1048576K
}
Event: 2.401 GC heap before
{Heap before GC invocations=20 (full 0):
 garbage-first heap   total 202752K, used 106349K [0x0000000081e00000, 0x0000000100000000)
  region size 1024K, 4 young (4096K), 3 survivors (3072K)
 Metaspace       used 15309K, committed 15616K, reserved 1064960K
  class space    used 2335K, committed 2496K, reserved 1048576K
}
Event: 2.404 GC heap after
{Heap after GC invocations=21 (full 0):
 garbage-first heap   total 202752K, used 106613K [0x0000000081e00000, 0x0000000100000000)
  region size 1024K, 3 young (3072K), 3 survivors (3072K)
 Metaspace       used 15309K, committed 15616K, reserved 1064960K
  class space    used 2335K, committed 2496K, reserved 1048576K
}
Event: 2.426 GC heap before
{Heap before GC invocations=22 (full 0):
 garbage-first heap   total 202752K, used 110709K [0x0000000081e00000, 0x0000000100000000)
  region size 1024K, 4 young (4096K), 3 survivors (3072K)
 Metaspace       used 15327K, committed 15616K, reserved 1064960K
  class space    used 2335K, committed 2496K, reserved 1048576K
}
Event: 2.429 GC heap after
{Heap after GC invocations=23 (full 0):
 garbage-first heap   total 202752K, used 110889K [0x0000000081e00000, 0x0000000100000000)
  region size 1024K, 3 young (3072K), 3 survivors (3072K)
 Metaspace       used 15327K, committed 15616K, reserved 1064960K
  class space    used 2335K, committed 2496K, reserved 1048576K
}
Event: 2.448 GC heap before
{Heap before GC invocations=24 (full 0):
 garbage-first heap   total 202752K, used 114985K [0x0000000081e00000, 0x0000000100000000)
  region size 1024K, 4 young (4096K), 3 survivors (3072K)
 Metaspace       used 15387K, committed 15680K, reserved 1064960K
  class space    used 2343K, committed 2496K, reserved 1048576K
}

